
Zach Jagoda
Student ID: 2274813
Student Email: jagod101@mail.chapman.edu
CPSC 350-02
Assignment 1: C++ Review

Sum: 26
Mean: 5.2
Variance: 1.10769
Standard Deviation: 1.05247

Singular Nucleotides
A: 42.8571%
C: 33.3333%
T: 23.8095%
G: 23.8095%
Nucleotide Pairs (A)
AA: 19.0476%
AC: 9.52381%
AT: 0%
AG: 4.7619%
Nucleotide Pairs (C)
CA: 14.2857%
CC: 4.7619%
CT: 4.7619%
CG: 4.7619%
Nucleotide Pairs (T)
TA: 0%
TC: 4.7619%
TT: 4.7619%
TG: 9.52381%
Nucleotide Pairs (G)
GA: 0%
GC: 9.52381%
GT: 4.7619%
GG: 4.7619%
TATAT
TCACA
TCCAA
ACAAC
CATAC
ACAAA
ACCCT
CAAAC
AATAT
AACAA
TTCCC
CTTAA
TAAAC
AACAT
TCACA
CCCTA
CTTTA
CCTAC
CCAAA
TTATC
ATCAT
AATCC
ATTAC
TCAAA
AATCT
CAACC
TCTCA
TAAAC
AAAAC
CAAAC
TAACC
CACTT
CAACT
AACAA
TCCTA
CCAAC
AACAC
ACTAA
ATAAC
AAACA
CCAAA
AAAAT
CAATA
CCTTT
CACTA
ACTCT
ACTAC
ACAAA
TCCCA
AAAAA
CATAA
ACAAC
AATCA
ACAAA
CTTCC
CCATA
ATCCT
TTTCC
ACTTA
CTATT
CAAAC
CTATA
CCCAA
AATAA
ACACA
TAAAA
ACAAA
CTCAA
ACTTA
TTCCC
ATATA
ATATT
ATATA
AACTA
TCCCC
CCATT
TAACA
ACCAC
CAAAT
AACAT
CACTA
ACCAA
ACTCC
CCAAC
TTCTA
ACTCT
TACTC
TCAAC
AACAA
ACCCA
TTTCA
AAAAT
CACCA
AATAA
AACCT
ACATA
ACCTC
TTTCC
ATTAA
CAACA
CAACT
ATATC
TATAA
CACAC
ATACA
TACTA
CTCCC
TATCA
ATACA
TATAC
TCCAA
ATTAC
CTCAA
CCAAC
AACTC
CCATT
ATCAC
AACAA
ATCAC
TTCCT
AACCA
TCCAC
TTTTC
AACCT
CCAAA
ACATA
TAAAA
ATAAT
AACCA
TTTAA
CTACC
CTAAC
ACAAC
CCAAA
TCCAT
CTAAT
ATAAT
CATTC
CCAAT
TCCTA
AATAC
AATCC
CAATA
AAACC
TCAAC
CATTC
ACACC
ATATA
CACAC
TTTCC
ACCAA
AATTA
CTCAA
ATCTA
CCCAC
ACACA
TAAAC
CTTAT
CCCTA
CAACA
CAACC
CCCCA
AACAA
CAATA
TAATT
CTACC
TCAAA
AAAAT
ACTAA
TACCA
TAAAT
CCTTC
CAACT
TTAAA
TTTAT
AAATC
TAATA
ACATT
CTTCC
TATAT
ACCCT
ATTTA
TTACA
ATAAA
ATACA
CAATA
ACTAA
CACAA
TCCTA
ACCCC
AAATT
ATTTC
TCATT
TCCCA
AACTT
TCACA
CAATT
TCCCC
AATTA
ATATA
AAACT
CCCCC
AACCC
TTACC
AACCT
CTCAA
CACTT
CTACC
CACAC
TCAAA
ACCTA
CACTA
AACAC
CCCCA
CAATT
ACACA
TTTAA
CCACT
TAATC
CCTCC
CAATC
CTACT
CTACA
CCCAA
CATCC
ACCTA
ACACT
CCACA
TAACA
ACAAA
TTTCC
CCAAT
TAACA
CTTTC
AAACT
CCAAT
AAATA
TTAAA
ACTAA
AATAT
ACACA
CTCTT
ATCTC
ACACA
ACTTT
CTCAC
AATAC
ATTAA
ATATC
CAACC
AACCA
CACAA
ATAAA
ATCCC
TAACT
AACAA
CAAAT
AAACT
CATCA
CTTTC
TTCAC
TAAAT
ACAAT
CTCAA
ATAAA
AACCA
CCTAC
TCCAC
CCAAC
CTTAC
TACTA
AATTC
TCAAA
AACTT
AAAAA
CACCT
AATAA
CAACA
CCCCC
AATAC
AAAAC
CTACT
ACACC
TACTT
CATTA
AACCA
TATAT
ATAAC
AACAC
ACCCA
AACTA
ATTCA
TACAA
CAATA
CTACT
ACATT
ATTTA
CCTTA
ATACT
ACTCC
TCCCA
TACTA
CTAAA
CATCC
CAAAA
TATCA
ACTAT
TATAA
CATAA
ATCCT
AATAA
CCACA
TAACC
AAACT
ACAAT
ACTCA
AAACT
TACAC
CATAA
AAAAC
TATTA
TCCAC
CATCA
TCTTA
ATAAA
ACACT
CCAAA
TAATC
TAATT
TACTC
CAACC
CACCT
ATTTA
ACCCA
CTAAA
TCATA
TAACC
ATATC
CTACC
AATCA
CAATT
CACAA
ACCCA
CAACC
CACAT
TAAAT
AATAC
CATAC
ACTAC
ATTAA
CCACC
TTCCC
ACATC
CCTAA
TCATA
ACCCC
ACTAC
AACAC
TATCC
TTCAA
AAAAC
AAACC
ATACA
TCAAC
ACCAA
ACAAT
AACCA
ACACA
ACCCA
AACTC
TAAAT
AACCA
CCAAC
TCAAA
ACTTT
ACAAC
ACATT
ATAAC
ATCTA
ATCAA
CAATA
AATAT
TACAC
TATAC
AATCT
TAACC
ACTCC
CATCT
CATAA
TAATT
ACAAA
TCTAC
CAATA
CCAAA
ACACT
ACCAT
TACAA
CAACT
CTCCC
CAAAA
ATTAC
ACCTT
ACTCA
ATACA
CATAA
ATCCA
AAACA
ATCCC
ACTCA
ACTAT
ATCTC
AACAA
CTATA
ATACT
CACCT
CAAAC
TATAC
CCTTT
CACTC
AAATA
TACCT
ACCAT
CTCCC
ACATA
CAAAC
CTACA
CACCC
AACCT
AAATA
CACCA
CATAA
CACAA
TACAA
CACAA
TCCAT
ACTTT
TCCAA
TAATA
ATCCC
AACAA
TAAAC
ATCAT
CCTAT
ACATC
CCTTA
CCCCA
TATCC
ATCAC
CACTT
ACCCT
CAACA
ACCAC
CCCCA
AACAT
CACAA
CTCTA
CCATC
ACCTA
ATCCA
AACTC
TCCCA
TTAAC
AACAC
ATAAC
CTACC
AAAAA
AATTA
CAACA
AAACT
CACCA
TCTTA
CCTAC
ACACT
CACAA
TACCT
AATCA
TATAT
CAACC
CACAT
TTCCA
CTAAC
ATACC
CAAAA
ACCAC
CCTAA
ACTCA
CATAC
ATAAA
ATACT
TTTAT
CCTTA
ATTAA
CATAA
ATCAA
AACAT
TTAAT
CTACA
AAATT
TAACA
AAACA
ACAAC
CCATA
TTTCC
CTCCA
AATCA
CAACA
TCTCA
TAATC
AACCC
CAACA
ACTCT
ATTCA
TTCCC
TCATA
CCCCC
AAACT
AATTA
AAAAC
ACACA
ACCCT
ACACC
CAATA
CCCAC
CCCAA
CATTA
CCACT
ATCAA
CAAAC
CTATA
CAATA
CACTA
ACCAT
ATCAT
ACCAT
CATAT
CTTAC
ATAAA
CCCCT
CAACC
AACAC
CAAAC
CAACC
TCAAA
ACTAC
ACCAA
CATAA
CCTAC
TCTTA
CAAAC
CCCTC
TACAC
ATAAA
TATCA
ACTAA
CAAAA
CCTAA
AAAAT
ACTAC
CAACA
CCATA
CAATA
AACCA
CCCCA
CCCAC
TCAAC
AACTC
CCAAC
ACATC
AATAA
ACTCC
TCTAA
ATTTA
CATAC
CCCTT
AACAT
TAACA
AACAA
CACCC
CCTCT
ACTCA
CCAAA
CCAAA
CTTAC
CAAAC
CTCCT
TCCTA
CCACA
CATTC
TACCT
TTTTT
TACAA
AACCC
AACCC
TCAAA
ACCAT
TACCA
CACCA
ACACA
CTAAT
ACCAC
TTATT
TTCCA
CCCCA
TTACC
ATTCA
AACAC
TCCAC
TCTAA
ACCTA
AATAT
TATAA
CCAAC
TCATA
ATCCT
CTACA
TACAC
AACCC
AAACC
ACCAA
TCTAA
CTTCA
ACACC
ACTCA
TTTCC
CACAA
TACAA
TAAAA
TAATA
TAAAA
TCCTA
ATATT
AAACC
AAACA
CAACC
CAAAA
ATCTA
CCACA
AATTC
TCCCC
CAAAT
CACTT
TCTCA
CCTAA
ACCAA
CACCA
CCCTA
TAAAT
TTATT
ACCCA
CTACC
ACAAA
AATTC
CACCA
ACCAA
CAAAT
TTAAC
TCTAC
TCAAT
CTATA
CATAT
ATACC
CCATA
AACAC
ACCCT
AACTT
TCAAC
ACCAC
TAATA
TTCAC
CTTAC
CACAA
ATACC
CTATC
TCTCA
TCTAC
AACCC
ACCTC
AATAA
CACCT
ACACC
TCTCA
ACACA
ATCCA
CCTAA
ATCTT
ACTAA
CAAAC
TAAAC
AATCC
ATATA
CCCAC
CACCA
CCTAC
TACTA
ACACT
CCACA
CTCAA
CAAAA
TCCAA
CATAT
TAACC
CACCA
ACATA
CCCAA
ACTTA
CCATC
ATAAT
AATAA
CCTAT
ATCAC
CCAAT
TATTT
TTATC
ACCCA
TACTC
CAACT
CTCAA
ATAAC
TATAT
CTTAC
ACAAA
CCTCA
TCCTC
TAATC
ACAAT
AAACC
TTAAA
ACTTT
CACAA
CTCTC
CCCCA
TAAAA
ACATA
CACAC
AATAC
AATAC
CAACC
CATCA
AAACA
CTAAC
TTCAA
TATCA
CAACC
CCCAC
AATCA
ATCAT
AACCA
ACAAA
AAATA
TCTTC
AAAAA
CTTAA
CAATA
CATTT
AAATA
ACACC
ACCCT
CCAAA
CTCCA
AAAAC
ATTTC
ATAAA
AACCC
CAACT
ACATC
CAACC
TAAAC
CAACA
ATATC
CAACA
CATTA
TCTAC
CTCAA
CTATC
CCTTA
CTAAA
CTACC
AACCA
TTCTC
ACCAT
TCTAT
TTTCC
AACAC
TTCAA
ATCTA
CACCT
AAATA
TTTAA
CAACA
CCACC
CTTAA
AAACC
CCATC
CAAAA
ACACC
CCAAC
CCTCA
ATATA
CACTC
AACAC
ACTCC
CTACC
ATAAA
TTCTC
AAAAT
TTCAA
ACACC
TATTT
CACAT
CACTT
AACTC
ATCAC
ATCAA
ACCTC
TAATC
AAAAT
ATCAT
AACCA
TTTAT
ATAAT
AATAC
ATCAT
ACCCT
CCCTA
CCTCC
ATCAA
CCTTT
ACACC
ACAAA
ATCAC
CATTC
CCAAC
TAACT
CCCCA
AACCA
AACTA
AAAAC
CAAAA
ATTAA
CCATC
TACCT
AACAC
TATTA
TTATA
ATCAT
AAATA
CCCCC
AATCA
CCTTT
CCTAA
ACTCT
CCAAA
TTCCA
ACATA
TAATA
AAACA
CTATA
AAAAC
AATCA
AACAA
ATTAA
CTCCA
TTCAC
CTTAA
ACAAT
CTAAT
CATCT
AATAA
CCTTA
CTAAA
TCCCA
AATAA
CCACT
AAACT
CACAC
CACAC
TACTC
CCTAC
TATCA
TCTAC
CTACT
TTTCA
ATTTC
ATTTA
CATAC
TTCAA
ATACA
CCTCC
CCCCT
CCTAA
AATCA
CTAAA
CTCAA
CAACA
TACCC
CTACA
CAACA
CAAAT
CCTAC
CACTC
ACCAA
TTACT
TACAC
AAATA
AAACA
TATAT
CTATC
CTCAT
ATCAA
ATTCT
CATTC
TAACA
ACCAC
AAAAA
AAAAA
TCTCT
AAAAC
ATCCA
AATCA
ACATT
CCCAT
CCATA
TATCT
TTTTT
CAAAC
CCTAC
CAACA
CCTAC
CAATC
ATTCC
TCACA
TCTTT
TATCC
CTAAA
AACTA
CCAAA
CAATA
AATTC
ATCAA
TCCCC
AAAAC
AAAAA
TTCAC
CACAC
ACTCA
TACCC
CAATA
ATAAA
ATACC
ATATC
TAAAA
TAAAA
ATTAA
CTATT
ACATA
TACAA
TCCCA
AACCC
CACAA
ATTAA
ATCCT
CCTCT
CCCCT
TCTCC
ACCAT
CCCCT
TCAAA
ACCAA
TCCTC
ACATT
CACAT
ACCCC
TTAAT
ATCAC
AACAT
CAACA
ACAAC
CAATA
ATACC
AACAC
ACCCT
ATAAA
AATTA
CCAAC
CCTAT
CCTCC
ACTCT
ACTAT
AACTA
ATATC
TTTTA
CTAAA
CACAA
ACATC
CCAAT
TACAT
TCACT
CACTA
AACTA
AAACT

Sum: 52
Mean: 10.4
Variance: 3.17515
Standard Deviation: 1.78189

Singular Nucleotides
A: 21.4286%
C: 16.6667%
T: 11.9048%
G: 11.9048%
Nucleotide Pairs (A)
AA: 9.52381%
AC: 4.7619%
AT: 0%
AG: 2.38095%
Nucleotide Pairs (C)
CA: 7.14286%
CC: 2.38095%
CT: 2.38095%
CG: 2.38095%
Nucleotide Pairs (T)
TA: 0%
TC: 2.38095%
TT: 2.38095%
TG: 4.7619%
Nucleotide Pairs (G)
GA: 0%
GC: 4.7619%
GT: 2.38095%
GG: 2.38095%
CAGAGGCGT
GAGTGAGAT
GCTAGCGGG
CGGTGGCAC
GAGAGTTCG
GTCGAGGGG
GGGTCAGCG
CAGGGGGGG
GAGGAGGGG
AGAGGAAGG
AAGGTAGGT
CGGGGGAGC
AAGTATAGA
AGCCCTAGG
GTGGGTCAG
TGTGGAGGG
CGGGTGCGC
CTGAGGACA
GAAGAGGTC
TCTAAAGAG
AGGGATGGA
CCACGGACG
TGCGGGGGA
GCAAGTAGA
ACGAAGGCG
GGGTCGAGG
CCGCGGACC
TCAAGGAGG
TTGATGATG
AGGCTGGGA
TGTGGCCGC
GGTGAGCCC
TGCAGGCGC
GCGGGTGGG
GGGTTCGGG
GCATGGGCC
AGGGCATGC
TTGGAGTTG
CCACTGATC
AGGGGGGAT
GGGAGGCCC
TCCAAGGAT
GGTGGAGGG
ATCAGTGAG
GGGAGACAG
CCGGCCACA
AGTTCTCTA
GGAACCGTA
TAGATGGCG
GGGTGCGGA
CGGGAGGCG
GATAGGCGA
GGGGGTCCA
ACCCCGCAG
AGAGGGGCG
CGTTGTCGC
GGCTGGCGC
AATGGGGGA
ATGCGGCGG
CGGGCAGAG
GTACAGCGT
GGCGTCTGG
GAAGCGGCT
GGGGAGGGC
TAGTGGAGT
TGCAGGGAG
TGGGTGAGG
GTGGTGGGG
GGGTAGCGG
GCGCCCCAC
AAAGCACGA
CGCAGGTAG
GCATGGGGA
AACGGGAGA
CTGCGAGTG
GGGGGGGAA
CTTTGACAG
GTGGACCTG
TGAGGGATC
GGGTGAGTC
CAGAGTGAA
GGATGGAGA
CAATGGGGG
TAGGTTGGG
GGGGGTAGC
CTTTGGGGG
GTAGGCAGG
GAGGGGGGG
TGGCGACCG
CCTCCTTGG
CACGGTTGC
CGAGCGGAC
GCAGGTGTC
GGCGGCAAG
GGAGTGGGG
CAGGGTGTA
GGGTGGGAG
GCCTCGTGG
GCCGTTGGG
TGGAAGGGA
AGCGGAAGG
GGTGCGAAG
AAGAGGAAT
CCAGTAGGA
CCAAGGGGG
GTTGGGGCT
GGTCCGACG
GGCGGGAGA
AGTGGGGTA
TTTGGCGGA
TGGGCTGCC
GGGCCGGGT
GGTGGTGTC
ACGGACGGA
GATGCTGGG
GCGACGAGT
TCTGGAAGG
TGATACGGA
GTGGACGGG
GGCCAGCCG
GTTTGGGCG
CGGTCCGTG
CGGTCCGCG
GGAGGGGAG
GAAAACGTG
CGGCGATCT
CGGCGCGTT
AGAATCGAT
AGTCGCTGA
TAGGGGAAA
GGATCGGTG
TGGCGTGCC
AGGGCTGGG
AGGCCCGGG
GGGACTAGT
GTGCAGGGC
GGAGATAGG
TGAGGAATA
AGGTGGCGA
TATGGTCCA
CTGGCAGGG
GTAGTAGGG
CCAGGCAAA
ATGAGCAGA
GGGGGGGTT
GAGGACAGG
GAGCAACCC
AGGACGGGG
GATAGAGTA
CAGGGTAAA
GTGGTTCGA
AGGATGAGG
CGATTAGGC
GAGGGTGAG
GGAAAGGGG
GGGGGCCAC
GCAAGAGCG
GGGGTACTA
GGCGAACGA
ACACAGTGT
GAGGGGTCG
TGAAGTCTG
GCGATTGCA
GCACGCGTC
ATGCGGGTG
CGGGAGAAG
TGCAAGCGG
ATAGAAGTA
TCGGGAAGC
GAGGAGTAA
GGGCGAAGA
AGAGGCGCT
TGTGGGGGG
CGGGCGTAA
TCTAGACGA
GGGACTAGG
GTCTAAAAG
CTACTGGGG
CGTAAGAGA
GGGGGGTAG
TCTGGGGGG
AATGTGGAG
GGACGGAAG
CGGGGTCTG
GGGGCGGAG
AAGGAGGGG
GGGGGGGTA
GAGGGGGGA
GAGAACAGT
AGAGGCAGT
TGGTGTCTC
GGGAGGGGC
ACGATCGGG
GACCGAGAC
ATGGGGCAG
ACCTGAGGT
CGGGGGGGG
GCGGGGGTC
GGGCGCAGC
CCGCAGGGG
ACGAGTGAG
TACGGAGGC
GGGCGGGGG
GACGGTAGG
GAGGGCCGG
GGCAAAGGG
CGGCAAGGA
GGGGGAATG
GCATAGGGG
TAGGTGGAG
CAGGAGGCA
GGATGGGCA
GGCCGTTAG
AGACCGAGG
CGGGAGGGG
GGCACGGAC
GATTGGATG
GAATTACGA
GGGCCAATG
GGGGAGCAG
CACGGTGGT
ATTGAATGC
AGCGTTCGT
TGGCGAAGC
GAGAACACT
AGGACGGGG
CGGCACGAC
GCTGCGAAA
GATGGGGAA
TAGAGCCGG
GCGGGCCGG
TGAGGCACT
CAGCACTGA
AACAGGCAG
GGGGCGGCC
GCGAGGCTC
GTACGAGCC
TTCTTACAG
GACAGCCTC
GGTGAGGTG
TAAGAAGAG
GGTAGGTCG
AGGGCCGGC
CTGCGGGGG
GACCGCGTG
GTCAGTGGC
GCGGAGAGG
TGAGTAACT
TGTTGGCGG
CAGACGAGG
TAGCAGGGA
GAGGAGGAG
GGGGATACG
GGGTCAGCG
AGGGAAACC
GGGCAGAAT
AGAGTAGTG
GAGAGCCCA
TCCCGAAAA
CGGGGTGAT
GGGTGGAAA
GTTGTCGAA
GGGGAGGGG
CCGCGGAAG
GGCGGCGAA
AGCGCGAGG
GGAATCGGA
CGGTGTGGG
GGGGTGACG
GCGGGGTGG
GAGCTAAGA
ACGGGGCGG
GCGATGAGG
GTAACAAAC
CGACGAGGG
GCGGGCGGG
ATGGCCGAA
GAGGCTTGG
GCGGGAAAA
TTCGTGACG
AGGAAGCTG
GGCGGACCG
GTATGGGAA
ACGGCGGGA
ACGGACGAG
GGAAGGGAG
TTAGGACCT
AGGGGAACG
TGCCCCCAG
TGGGGAACG
GAGTCCTGG
GGGGGGCAT
TGTGGGGGA
CAAGGCACA
GGGCGACAG
CCCGCGGCG
ATCCGGGGG
ACTCAGGTT
GCGAGTTTG
GAACCTGCG
TCCAGAACA
GCAAGCAAG
AAGGGGTTG
TTGATTGGC
GGAGGGGAG
AGGTGGCCG
GGGCGGGGC
GACCAGAAT
AGAGCCAGG
GAGGCACGG
GCGGGAGGG
AGGAGGGAA
TGGATCGGG
TGGAGGGGG
GCGGGGGTA
GAAGTGAGG
AGAGCGCGG
TTGCGGGGG
GTAGGGGAT
GATCGGTGG
CCACGGGAG
AATCCTGGA
GCAGGGGAG
CTGGCGGAA
CCCTGGTTG
GCTACCGGA
ATGACGCGG
GCAGAGGGG
GGCGGGTTA
CGTTCTATG
GCGAACGGC
GAGGCCGCA
AGAGGCGGG
GTGGGGGTG
AACCCAGCC
AGGGGGTCT
GGGCCGGAG
CGGGACAGT
AGTACCGGC
AGGGGAAAC
GGTATGGAA
GGGGTGGGA
GGGGGGGAG
GACGAGGGG
GCGCGAGAG
GGGGAGGGG
GGAGCAGGG
CCTAACTGG
GGCGTGGGG
GACGAGGGC
CGGGTATTG
GGGGAGAGG
GCGAGGAGT
GGGACCTGC
GTGGGCGGC
GAAGTAGAT
CACGCCTGG
CCAGTAACG
CGGATGCGG
GGGCAAACA
AGGGGGCAC
CAAGAGCCG
GAGTGGAGA
ATCGTGGGA
TGGGGGCCG
AATGGGAGA
AGCCGGACA
GTCTGGCAG
GGGGGGTCA
GTTGGGGCG
GTCTGCCAA
ACGTGGGGA
AAGGGCGGC
GGAGGGCGG
GCGATGGCC
GGGCGTCCG
AGCTAGGAC
GTACTCAGC
CGGGTGAGG
AAGGGATAG
GAGAGGGGC
ACTGGAACA
GGTCGGGAG
GGGTTCCAG
GGAACGTAA
AGAGGGCGC
AATGGAGGG
AGGGCCGCG
CCCGGAGGC
GGGAGGGGA
CGGGTTCGC
AGACAGGGG
AGATGAGCC
CTCTAAGGA
GGGAGGCAC
CAACTGGTG
GGGAGGCGA
AGAGGCGGA
GGGAGGGGG
GGGGCTGGG
GAGGGGTGG
GAGGGCAGG
GGCCGGAGC
AGAAAGGAG
AACGGGAAT
GAGTGTCTG
CGCGAGGAG
GGAGGAAAT
GAGGGAACC
AAAGGAGCC
CGGGCTAAG
GGGCCGCCG
AGGGCGAGC
ATTGGGGCG
CAGGGGAAG
AAGTAAGGC
GGGGGAGGT
ATCGCCAGC
CGGGTGGGG
GGAGAGCAA
GGGGTGAGG
TGAAGTGCG
CAGTTAGAG
AGGAGATGA
AGGGGAGGT
CCGCAGGAG
GGCACCTAT
AGCCGCGTG
CCTGACACA
TTCAATGGC
GACGGGAGG
GTGGCGGAC
TCGTAACTG
GGGGCGGGG
GGAGAATCG
GGCACAGCA
TGGGGAGTG
CCTGGGGGA
GACCGGAAG
ACGCCTTGG
TGGGGAGAC
TGGGAGTGT
AGAGACGGA
TAAGAGGAG
AGGGGGTGG
GCTATTGAG
GAGGATGGA
GGCAGGGCA
ACGGGGAGA
AAGGCTGGG
CGGTGACGC
GAAACCGTG
TACCCGGGA
AGGATGCTC
GCGAGGCAG
ACGGGGGAA
AACAAGCGA
GAGCGGGAC
CGGGGAACG
GGAGAAGGG
GAGATGAGT
TAACTGGGG
CGCGGGGGC
AAGGAAAGT
GGAGGGGTA
CAGGTTAGG
CGCGCCGGA
GGGCCGGGG
GCGTGCGGG
AGTAGGGAA
GGGGGCGGG
GGAGGGTCG
AGGGGGGAC
TACGTAGCT
GGGCGACGC
CGACGGCAA
GCGAGCGAG
AGATAGTTA
ACCCAGTAC
GGGTGCACG
GACGGGGCA
ACGAGTTAG
GAAGAAAGC
GATGCAAGT
ACGAGTAGG
GGGATTCGT
CCTGAAGAG
CGGGGTGCC
CTGACTCGC
GCGGGGGGT
GGGAGCCGG
GGGGTGCGG
GCGGGGCCA
AGGAACAGG
GATGGGTCG
CGGACGCGC
CGACTGGTT
CGAATAGGT
AGGGGCTGA
AGGGGAAAG
CAGGGGGGA
GGAGTGCAA
AAGGGATGC
GCATGAGAC
AGTGGCGTA
GAGGCTGGC
TGGGGGGGA
GCAGGAACG
GCCGGTTCC
GAAGGTATC
TGATAGAGG
AAGAGGGGA
GTCAGAGTG
AGTTGAAAT
AAGGGGAGC
CATTGCCGC
CCGTTGGTT
CAGACAAGG
GGCGACGGC
ATGCCAACG
GGGCAGCGC
AGGGTTGCG
AAATATGAC
CAGCGGCCA
GCAACTCGG
CGGAGGCGC
ATGGGGAGA
CTGGACGGG
AACTCGAGG
TGGCGGAGG
GGTCGGCCG
AGCAGGTAG
GATCAAGCG
CGAAGGAGA
GGGAGGGGG
GGGCGCCAC
AAAAGCCGA
GGGGGAGAG
CGAGAGGGA
GACTAGGGG
GAAAGCCGC
GCCGTGCGC
TGCGGGGAG
GGGAGGGCA
GATCAAGCG
GGAAAGGGG
GGAGAGGGA
GATAATACG
CCCGGGTCC
ACTGGCGGG
GGGGGAGCC
GCAGGAGAG
CTAGAGAGG
GTTGGGGGC
AAGAGGAGA
CCAGGAGCC
TAGGGGTTA
AGGGGGGGA
ATAACTGGG
CGGGTGGTA
CGACGGGTA
GGGCTCGAA
GCGGGGAGG
AGAGGGGGA
TCGATAAGT
GAGGATGAA
ACGGGATGG
GCCAAGGCA
GGCGGTGAG
CCGTCGGTA
GGGGGGAGC
CAACGGGGA
AGACAGTAA
AGGGGGAGG
GACTCTGAG
ACGCGTGAG
TAGGGAGCA
CCGGGGAAC
GGAGCCAAG
GGGGATGGA
AGGGGTAGG
AAATCCGAG
GCCTTGGCG
CGCGCTTGG
CGGCACGAG
AGCCCATGG
CTTGACAAG
GAGTTGGGG
AGGACATGC
GTGGCAGAC
GCGGGGGGC
CAGGGGGGG
TGGCGGGCA
TGCCAGATG
GCCGATCGA
GCTTGGGAT
GGCGAGGCG
GGCGGAAGG
AGAAACATG
GCAGTGGCG
ATGAAGGTA
GACAAGAGG
GGGTGGGGA
TAGGCAGGC
GCCGGTTTT
CAAGATAAG
GGTGGACGC
TGACAGGCG
GGGATGGGC
GGTGCGGGG
GGGAGCGGT
GGAGTGGGG
AGTTGATGG
GGCGGGTAC
CCGGTGGGA
CTCGGGAGG
GGGGCTCGT
GGGAAGGTC
CGGAGAGGA
ACCGGGGGA
GAGCGGGAG
CCGCATGAG
GTATGCGGT
GAACGATAA
CTGGCAGGA
GGGGAGCTG
AAATCAGAG
GGATGACGC
GGCGAAGCA
GGGGGCAAG
GGGCGGCTG
GCGCCAGCC
CAATCGGCA
GGGGGTACT
AACCAGAGT
GGGGCGGAC
TGGAAGGTG
GGCGGGAGG
TGCGTCAGG
CTGGCGGTT
ATGAGAGGG
GCCCGCGAG
TGTGACCCG
AAAAGAAGC
CCGTACCGA
GAGGTTGGG
CAGTGCAGA
GCTGAGGTT
GCGCGGGCG
CCCGATATG
GGTGGGGGC
CAGCGGAAG
TACCTAGGG
GTGGGGGAA
AGATTCGGA
CGACCGCGA
CATGATGAT
AGGGGAGAG
AAGGCGGCT
CTTGGGTCA
GGAGGGTCC
ACGCAGAGG
TCGGGGGGG
GTTCCGGCT
ACCGCGGAA
CCAGAGCAT
GCTAGGGTG
GTGATGTCG
GACCGAGTC
GCGGGCAGT
TGGGACTAC
GAATGGCGG
TCGGGGGGG
GAGTGGCGG
AGCATGAGG
GGCTCAGCA
GTAGGGGGA
GGTAGATGG
TGGGGTGGG
GAGCGGGAA
AGGAGTAGA
AGACAAGCC
GATCCGGGG
AAGGACCGG
CGGGGGACG
GCGCAGGGG
GGCAGAGCA
GAGGAAGGG
GGGAGGGAT
CTTGGAGGG
GTTTCAAGA
AGGATCGAC
GAATGTGGC
TTGGAAGGG
GCGGGAAAA
TGGCGCCGA
CAGATGGGC
TTGGGGTGG
AGCGGGGAG
GGTGGGACT
CGTAACGTC
GGCCAAGGC
CAGAGAACG
GGCGAGAGT
GTGCCTGAA
CGATGGCGG
GCTGACGAG
ACGGTGACG
GGGGATCAA
GAAAGGTCA
CAGGAAGCA
CGCGGGAGG
GCGAGCGCC
GGGGGACCC
GGAGGGTGG
CAGGAGACT
CGGGGAGGG
GGGGTACAC
AGCTGGCCA
TGGGCGACG
GATAGGGGT
CAGGGGCAG
AGAAAAGGG
AGCGTGGAG
GACGTCAGG
CGTCGAGTG
GGGTGGACG
GGGGAGGGA
GTGGACTTG
ATAAGAAGG
GAGGGGAGC
GGGGTTGGG
GGGGAAGGG
CGTCAGGGG
AGCGCCAGC
GCCGGCTGG
TAGATAAAC
GGACGCCCG
ACGTCACAC
TACGGTGAG
AAACCCGCG
CTGTTGATA
GGGAGGCAG
CGGGTCACG
TCTGAGGTG
TAGAGTGGG
AGGAGAGAA
GCCAGGTGA
CAGGACTAC
TTCGGGGGC
TGTTGGGGA
GGGAGCCCT
GCATCGGCG
ACTCGGGGA
AGGAAATAG
GGAAAGCAG
TGACGCCGT
AGAAAATCA
GGGCTGGAG
GGGCAACCG
AGGAATGCA
GGTAGGTCA
CACGTCGCC
GCAGCCGGT
GGGATAGAA
GGGCCAACA
TCTCCGGGG
CTTGGAAGA
GTAGGAAGC
GGCGAGCGC
GGCGCGAGC
GGGGGGGAT
CAGCGTTGG
TGTGGCTCG
GTGGGGGAG
TCGTGGGTC
GGAGGCGAA
GGAACGGCG
GGGGGGTAG
GCCGAGGAG
GGAGGGGCG
GCGATACCC
TGGCGCAGC
GTAGCGGCA
CGTGGAAAG
GATATGAGG
CGACATCGC
GTGCCGGCG
TGCGGCAGG
CGGAGGAGG
GGGATGCGG
CAGTGCGGT
GAAGGCGAG
GGTCGGCCG
TATCTGCGT
CTAGTGGGG
GTGCGAATG
GCTTGGTTG
GGCTACAGC
TAGCCCGGG
GCGAACAAG
GTGGTGACC
GTGAGGGGG
GTGCGAATG
TTGGGAGCA
GGGCGTGCC
CCTGAGGGG
AGGGGAGGG
CAGTAGGCG
GGACGCGGG
GCCAACGGA
TATGTGTTA
GAGCGCCGA
CCGCAGAGC
CGCGCCGAC
GGGTGCCCC
GAGATGTAG
GAAGAGAGG
ATCCCCGGG
GGTAAGGGA
GAGAGGATG
GGTGAGGGC
GTGTCATCG
AAAGACCCG
GGAGGCAGG
CAGAGTGGG
TCGGGAGGC
GCGTAGAAG
GGGGAGGAC
CCGTGAAGG
ATGGAGGAT
GGAGTGACG
GACCGGACG
GGGGGTCTA
GTGGGCGGG
CGAGTGGCT
GACGGAGGC
CTCGCCGGA
GAAGGGAGA
GGGGGGCAG
GAGGGTAGA
CTGGTGAGG
CCCTGTGGG
ACGTGACGG
CGGAGGGAG
GGGGAATGG
GGGCAAGGG
GTAGCGCCA
GTAGGGGGT
TAGCGAGGC
GCTCCGCGG
GGGGGGCGC
GGACACCGG
GTTTGGGGG
CGTAAGGCC
TAACGAGGG
TATCATCGG
ATTGCGGGG
AGGGGAACG
CCGAGTAGG
AGGGGGGGA
CAGGCAGCA
CAGCTCAAT
TGAGGGCAG
TGGGGCGCG
GGTTGGGGG
GGGAGAGGC
CGTAAGAGA
CCATGGCGG
CGGACGGGG
GGGAGTATG
GAATTTTCG
GGGGTCAGA
GCAAGGGGA
GGGGAGAAG
AAACGCGAG
GGTGGCGTG
GCCAGGGAC
AGCCGGGAT
AGGGCGGAG
CTCGTCAGA
CGATTTCGA
AAGAGGGTG
GAGGCTGCG
AGGGAACAG
GAGTGAGCG
CGTGGGGAG
CCGCCGCTC
CGGGAGGTG
GAACGGGGC
ACGAGCGGA
GCGTAGTAA
TCAAAGAGA
GTAGAGAAT
TCGAAGATG
ATGGGTCAA
GGGAACGGT
TGATTTCTG
GGTGCCGGA
CAGCGTACG
GTGGGCTGG
GAGCGTCAG
GCACGCACC
TGGTGACAG
GGTAAAGTG
GGCTGGTAG
CAGGATGGG
GGAGACGAC
GGCGCGCCC
GGTATGGAG
CGGGAGCGG
TGGCAGGAG
AGAGGTGGG
GGGGCCGGG
TACGAGGGG
GGGAGCCAT
AAGAGGGGA
GATGGATGC
GGTGGACGG
AGAGGCGTG
TGGTCATCA
GGAGGCGGG
GTGGGGTGG
CGTGGATGG
GAGAAGGGG
ACGGGAGGC
GCGGGAGAA
ATGGGGGGG
TTAGACTTC
ACGCTAGGC
GGCCGGGTC
TAGGAGGAG
GAAGAGGGG
CAGGGCGGG
AGGAGCGTT
AGAGCAGGG
AAGACGGGC
GCAGGTTAG
GGGGACGGG
GAGGCGGTC
GGGAGAGTC
GCCTAGGGG
GGGAGAATT
GACGGGGGG
TACGGGAGA
GAGGTATGG
GAGGGGTGA
GGGGAGTCA
GTACGACCG
GCGGTCGTC
AGCCCTGGA
GACAACCTC
GCAAGACTT
AGGTCCCAG
ATAATGAGT
GTTGGCGGG
GGGGGGACT
TGAGGGCTG
TTCGGACCA
AAGATCAGA
GGGGGTGAA
GCTTGTGAC
TGGAACGAC
TCAGTGAGA
TCGAAGTGA
GGGGGGGGT
ACAGGGTGC
GCTGCGACC
TGCAAGGGC
AAGAAGAGG
AGAGACTAG
GGGGGAGGG
TCAATAAGG
CAAAAGAGG
AAGGGCGCA
GGACAGGCG
AGGGGGGGG
CCCGCTTTG
CCTGGAAGG
AGTGCGGCT
AGGGGCAAG
AAGGGTGAT
GCGGGGGGA
GAGGCGAAG
GAGGAGGCG
CAAGCGGGT
GGCTGATCC
GGGTAGGCG
AATACTGGC
AGAGGATGG
TGGCGAAGC
ATTCAAGAT
GCGATGGTT
CGGAGGCAG
GAGCGGCGA
CCGCTAGAG
TGTTGCCGA
CCGTTGTAC
CTGTCGGAA
GGAGGCGGG
